<?xml version="1.0" encoding="UTF-8"?>
<!-- Generated by org.testng.reporters.JUnitXMLReporter -->
<testsuite ignored="1" hostname="DESKTOP-FMKJ26D" failures="2" tests="18" name="Test" time="9.284" errors="0" timestamp="2026-07-09T12:08:39 IST">
  <testcase classname="com.WebTesting.TestNG.Tc060_TestNGInvocationCountAttribute" name="resgister" time="0.012"/>
  <testcase classname="com.WebTesting.TestNG.Tc060_TestNGInvocationCountAttribute" name="login" time="0.005"/>
  <testcase classname="com.WebTesting.TestNG.Tc060_TestNGInvocationCountAttribute" name="login" time="0.008"/>
  <testcase classname="com.WebTesting.TestNG.Tc060_TestNGInvocationCountAttribute" name="login" time="0.006"/>
  <testcase classname="com.WebTesting.TestNG.Tc060_TestNGInvocationCountAttribute" name="searchProduct" time="0.005"/>
  <testcase classname="com.WebTesting.TestNG.Tc063_TestNGDisableTestFromExecutionusingEnabledAttribute" name="register" time="0.005"/>
  <testcase classname="com.WebTesting.TestNG.Tc063_TestNGDisableTestFromExecutionusingEnabledAttribute" name="login" time="0.005"/>
  <testcase classname="com.WebTesting.TestNG.Tc063_TestNGDisableTestFromExecutionusingEnabledAttribute" name="search" time="0.003"/>
  <testcase classname="com.WebTesting.TestNG.Tc063_TestNGDisableTestFromExecutionusingEnabledAttribute" name="logout" time="0.004"/>
  <testcase classname="com.WebTesting.TestNG.Tc061_TestNGTimeoutsAttribute" name="testCase1" time="5.024">
    <failure type="org.testng.internal.thread.ThreadTimeoutException" message="Method com.WebTesting.TestNG.Tc061_TestNGTimeoutsAttribute.testCase1() didn&amp;apos;t finish within the time-out 5000">
      <![CDATA[org.testng.internal.thread.ThreadTimeoutException: Method com.WebTesting.TestNG.Tc061_TestNGTimeoutsAttribute.testCase1() didn't finish within the time-out 5000
at java.base/java.lang.Thread.sleep0(Native Method)
at java.base/java.lang.Thread.sleep(Thread.java:509)
at com.WebTesting.TestNG.Tc061_TestNGTimeoutsAttribute.testCase1(Tc061_TestNGTimeoutsAttribute.java:12)
at java.base/java.util.concurrent.FutureTask.run(FutureTask.java:317)
at java.base/java.util.concurrent.ThreadPoolExecutor.runWorker(ThreadPoolExecutor.java:1144)
at java.base/java.util.concurrent.ThreadPoolExecutor$Worker.run(ThreadPoolExecutor.java:642)
at java.base/java.lang.Thread.run(Thread.java:1583)
... Removed 6 stack frames]]>
    </failure>
  </testcase> <!-- testCase1 -->
  <testcase classname="com.WebTesting.TestNG.Tc061_TestNGTimeoutsAttribute" name="testCase2" time="4.019"/>
  <testcase classname="com.WebTesting.TestNG.Tc062_TestNGDependsOnMethodAttribute" name="registerTest" time="0.01"/>
  <testcase classname="com.WebTesting.TestNG.Tc062_TestNGDependsOnMethodAttribute" name="loginTest" time="0.003">
    <failure type="java.lang.AssertionError" message="expected:&amp;lt;false&amp;gt; but was:&amp;lt;true&amp;gt;">
      <![CDATA[java.lang.AssertionError: expected:<false> but was:<true>
at com.WebTesting.TestNG.Tc062_TestNGDependsOnMethodAttribute.loginTest(Tc062_TestNGDependsOnMethodAttribute.java:22)
at java.base/java.util.ArrayList.forEach(ArrayList.java:1596)
... Removed 30 stack frames]]>
    </failure>
  </testcase> <!-- loginTest -->
  <testcase classname="com.WebTesting.TestNG.Tc062_TestNGDependsOnMethodAttribute" name="logoutTest" time="0.0">
    <skipped/>
  </testcase> <!-- logoutTest -->
  <testcase classname="com.WebTesting.TestNG.Tc059_TestNGPriorityAttribute" name="register" time="0.002"/>
  <testcase classname="com.WebTesting.TestNG.Tc059_TestNGPriorityAttribute" name="login" time="0.002"/>
  <testcase classname="com.WebTesting.TestNG.Tc059_TestNGPriorityAttribute" name="addToCart" time="0.002"/>
  <testcase classname="com.WebTesting.TestNG.Tc059_TestNGPriorityAttribute" name="logout" time="0.002"/>
  <testcase classname="com.WebTesting.TestNG.Tc063_TestNGDisableTestFromExecutionusingEnabledAttribute" name="addToCart" time="0.0">
    <ignored/>
  </testcase> <!-- addToCart -->
</testsuite> <!-- Test -->
