<?xml version="1.0" encoding="UTF-8"?>
<!-- Generated by org.testng.reporters.JUnitReportReporter -->
<testsuite hostname="DESKTOP-FMKJ26D" failures="0" tests="4" name="com.WebTesting.TestNG.Tc059_TestNGPriorityAttribute" time="0.008" errors="0" timestamp="2026-07-09T12:08:39 IST" skipped="0">
  <testcase classname="com.WebTesting.TestNG.Tc059_TestNGPriorityAttribute" name="register" time="0.002"/>
  <testcase classname="com.WebTesting.TestNG.Tc059_TestNGPriorityAttribute" name="login" time="0.002"/>
  <testcase classname="com.WebTesting.TestNG.Tc059_TestNGPriorityAttribute" name="addToCart" time="0.002"/>
  <testcase classname="com.WebTesting.TestNG.Tc059_TestNGPriorityAttribute" name="logout" time="0.002"/>
</testsuite> <!-- com.WebTesting.TestNG.Tc059_TestNGPriorityAttribute -->
