<?xml version="1.0" encoding="UTF-8"?>
<!-- Generated by org.testng.reporters.JUnitReportReporter -->
<testsuite hostname="DESKTOP-FMKJ26D" failures="0" tests="5" name="com.WebTesting.TestNG.Tc063_TestNGDisableTestFromExecutionusingEnabledAttribute" time="0.017" errors="0" timestamp="2026-07-09T12:08:39 IST" skipped="1">
  <testcase classname="com.WebTesting.TestNG.Tc063_TestNGDisableTestFromExecutionusingEnabledAttribute" name="register" time="0.005"/>
  <testcase classname="com.WebTesting.TestNG.Tc063_TestNGDisableTestFromExecutionusingEnabledAttribute" name="login" time="0.005"/>
  <testcase classname="com.WebTesting.TestNG.Tc063_TestNGDisableTestFromExecutionusingEnabledAttribute" name="search" time="0.003"/>
  <testcase classname="com.WebTesting.TestNG.Tc063_TestNGDisableTestFromExecutionusingEnabledAttribute" name="logout" time="0.004"/>
  <testcase classname="com.WebTesting.TestNG.Tc063_TestNGDisableTestFromExecutionusingEnabledAttribute" name="addToCart">
    <skipped/>
  </testcase> <!-- addToCart -->
</testsuite> <!-- com.WebTesting.TestNG.Tc063_TestNGDisableTestFromExecutionusingEnabledAttribute -->
