<?xml version="1.0" encoding="UTF-8"?>
<!-- Generated by org.testng.reporters.JUnitReportReporter -->
<testsuite hostname="DESKTOP-FMKJ26D" failures="0" tests="5" name="com.WebTesting.TestNG.Tc060_TestNGInvocationCountAttribute" time="0.036" errors="0" timestamp="2026-07-09T12:08:39 IST" skipped="0">
  <testcase classname="com.WebTesting.TestNG.Tc060_TestNGInvocationCountAttribute" name="resgister" time="0.012"/>
  <testcase classname="com.WebTesting.TestNG.Tc060_TestNGInvocationCountAttribute" name="login" time="0.006"/>
  <testcase classname="com.WebTesting.TestNG.Tc060_TestNGInvocationCountAttribute" name="login" time="0.005"/>
  <testcase classname="com.WebTesting.TestNG.Tc060_TestNGInvocationCountAttribute" name="login" time="0.008"/>
  <testcase classname="com.WebTesting.TestNG.Tc060_TestNGInvocationCountAttribute" name="searchProduct" time="0.005"/>
</testsuite> <!-- com.WebTesting.TestNG.Tc060_TestNGInvocationCountAttribute -->
